<?xml version="1.0" encoding="UTF-8"?>
<robot generator="Robot 6.1.1 (Python 3.12.0 on win32)" generated="20231205 21:03:00.835" rpa="false" schemaversion="4">
<suite id="s1" name="Panelscout Robotframework" source="C:\Users\PBL_Basia\Documents\My scripts\Dare_IT_Challenge\panelscout_robotframework">
<suite id="s1-s1" name="Test Login Rf" source="C:\Users\PBL_Basia\Documents\My scripts\Dare_IT_Challenge\panelscout_robotframework\test_login_rf.robot">
<test id="s1-s1-t1" name="Add player clear form button" line="110">
<kw name="Open login page">
<kw name="Open Browser" library="SeleniumLibrary">
<arg>${LOGIN URL}</arg>
<arg>${BROWSER}</arg>
<doc>Opens a new browser instance to the optional ``url``.</doc>
<msg timestamp="20231205 21:03:01.039" level="INFO">Opening browser 'Chrome' to base url 'https://scouts-test.futbolkolektyw.pl/pl'.</msg>
<status status="PASS" starttime="20231205 21:03:01.039" endtime="20231205 21:03:03.264"/>
</kw>
<status status="PASS" starttime="20231205 21:03:01.038" endtime="20231205 21:03:03.264"/>
</kw>
<kw name="Type in email">
<kw name="Input Text" library="SeleniumLibrary">
<arg>${EMAILINPUT}</arg>
<arg>user07@getnada.com</arg>
<doc>Types the given ``text`` into the text field identified by ``locator``.</doc>
<msg timestamp="20231205 21:03:03.266" level="INFO">Typing text 'user07@getnada.com' into text field 'xpath=//*[@id='login']'.</msg>
<status status="PASS" starttime="20231205 21:03:03.265" endtime="20231205 21:03:03.412"/>
</kw>
<status status="PASS" starttime="20231205 21:03:03.265" endtime="20231205 21:03:03.412"/>
</kw>
<kw name="Type in password">
<kw name="Input Text" library="SeleniumLibrary">
<arg>${PASSWORDINPUT}</arg>
<arg>Test-1234</arg>
<doc>Types the given ``text`` into the text field identified by ``locator``.</doc>
<msg timestamp="20231205 21:03:03.413" level="INFO">Typing text 'Test-1234' into text field 'xpath=//*[@id='password']'.</msg>
<status status="PASS" starttime="20231205 21:03:03.413" endtime="20231205 21:03:03.496"/>
</kw>
<status status="PASS" starttime="20231205 21:03:03.413" endtime="20231205 21:03:03.496"/>
</kw>
<kw name="Click on the submit button">
<kw name="Click Element" library="SeleniumLibrary">
<arg>${SIGNINBUTTON}</arg>
<doc>Click the element identified by ``locator``.</doc>
<msg timestamp="20231205 21:03:03.497" level="INFO">Clicking element 'xpath=//*[@type='submit']'.</msg>
<status status="PASS" starttime="20231205 21:03:03.497" endtime="20231205 21:03:03.538"/>
</kw>
<status status="PASS" starttime="20231205 21:03:03.496" endtime="20231205 21:03:03.538"/>
</kw>
<kw name="Click on the Add player button">
<kw name="Wait Until Element Is Visible" library="SeleniumLibrary">
<arg>${ADD PLAYER}</arg>
<doc>Waits until the element ``locator`` is visible.</doc>
<status status="PASS" starttime="20231205 21:03:03.539" endtime="20231205 21:03:04.854"/>
</kw>
<kw name="Click Element" library="SeleniumLibrary">
<arg>${ADD PLAYER}</arg>
<doc>Click the element identified by ``locator``.</doc>
<msg timestamp="20231205 21:03:04.855" level="INFO">Clicking element 'xpath=//*[@id='__next']/div[1]/main/div[3]/div[2]/div/div/a/button'.</msg>
<status status="PASS" starttime="20231205 21:03:04.854" endtime="20231205 21:03:04.893"/>
</kw>
<status status="PASS" starttime="20231205 21:03:03.539" endtime="20231205 21:03:04.893"/>
</kw>
<kw name="Type in name">
<kw name="Wait Until Element Is Visible" library="SeleniumLibrary">
<arg>${NAME}</arg>
<doc>Waits until the element ``locator`` is visible.</doc>
<status status="PASS" starttime="20231205 21:03:04.893" endtime="20231205 21:03:04.973"/>
</kw>
<kw name="Input Text" library="SeleniumLibrary">
<arg>${NAME}</arg>
<arg>Jan</arg>
<doc>Types the given ``text`` into the text field identified by ``locator``.</doc>
<msg timestamp="20231205 21:03:04.974" level="INFO">Typing text 'Jan' into text field 'xpath=//*[@name='name']'.</msg>
<status status="PASS" starttime="20231205 21:03:04.973" endtime="20231205 21:03:05.038"/>
</kw>
<status status="PASS" starttime="20231205 21:03:04.893" endtime="20231205 21:03:05.038"/>
</kw>
<kw name="Type in surname">
<kw name="Input Text" library="SeleniumLibrary">
<arg>${SURNAME}</arg>
<arg>Kowalski</arg>
<doc>Types the given ``text`` into the text field identified by ``locator``.</doc>
<msg timestamp="20231205 21:03:05.038" level="INFO">Typing text 'Kowalski' into text field 'xpath=//*[@name='surname']'.</msg>
<status status="PASS" starttime="20231205 21:03:05.038" endtime="20231205 21:03:05.118"/>
</kw>
<status status="PASS" starttime="20231205 21:03:05.038" endtime="20231205 21:03:05.118"/>
</kw>
<kw name="Type in date of birth">
<kw name="Input Text" library="SeleniumLibrary">
<arg>${DATE OF BIRTH}</arg>
<arg>05.02.2000</arg>
<doc>Types the given ``text`` into the text field identified by ``locator``.</doc>
<msg timestamp="20231205 21:03:05.119" level="INFO">Typing text '05.02.2000' into text field 'xpath=//*[@name='age']'.</msg>
<status status="PASS" starttime="20231205 21:03:05.119" endtime="20231205 21:03:05.189"/>
</kw>
<status status="PASS" starttime="20231205 21:03:05.119" endtime="20231205 21:03:05.189"/>
</kw>
<kw name="Click on the clear button">
<kw name="Click Element" library="SeleniumLibrary">
<arg>${CLEAR BUTTON}</arg>
<doc>Click the element identified by ``locator``.</doc>
<msg timestamp="20231205 21:03:05.190" level="INFO">Clicking element 'xpath=//span[text()='Clear']/parent::button'.</msg>
<status status="PASS" starttime="20231205 21:03:05.190" endtime="20231205 21:03:05.238"/>
</kw>
<kw name="Wait Until Element Does Not Contain" library="SeleniumLibrary">
<arg>${INPUT FIELDS}</arg>
<arg>Should Not Be Equal As Strings</arg>
<doc>Waits until the element ``locator`` does not contain ``text``.</doc>
<status status="PASS" starttime="20231205 21:03:05.238" endtime="20231205 21:03:05.262"/>
</kw>
<kw name="Capture Page Screenshot" library="SeleniumLibrary">
<arg>clear.png</arg>
<doc>Takes a screenshot of the current page and embeds it into a log file.</doc>
<msg timestamp="20231205 21:03:05.364" level="INFO" html="true">&lt;/td&gt;&lt;/tr&gt;&lt;tr&gt;&lt;td colspan="3"&gt;&lt;a href="clear.png"&gt;&lt;img src="clear.png" width="800px"&gt;&lt;/a&gt;</msg>
<status status="PASS" starttime="20231205 21:03:05.262" endtime="20231205 21:03:05.364"/>
</kw>
<status status="PASS" starttime="20231205 21:03:05.190" endtime="20231205 21:03:05.364"/>
</kw>
<status status="PASS" starttime="20231205 21:03:01.038" endtime="20231205 21:03:05.364"/>
</test>
<doc>Suite description #automated tests for scout website</doc>
<status status="PASS" starttime="20231205 21:03:00.855" endtime="20231205 21:03:05.365"/>
</suite>
<status status="PASS" starttime="20231205 21:03:00.836" endtime="20231205 21:03:05.367"/>
</suite>
<statistics>
<total>
<stat pass="1" fail="0" skip="0">All Tests</stat>
</total>
<tag>
</tag>
<suite>
<stat pass="1" fail="0" skip="0" id="s1" name="Panelscout Robotframework">Panelscout Robotframework</stat>
<stat pass="1" fail="0" skip="0" id="s1-s1" name="Test Login Rf">Panelscout Robotframework.Test Login Rf</stat>
</suite>
</statistics>
<errors>
</errors>
</robot>
